<?xml version="1.0" encoding="UTF-8"?>
<!-- Generated by org.testng.reporters.JUnitReportReporter -->
<testsuite skipped="0" hostname="LAPTOP-6DPU4JM3" name="test.MonthDropTest" tests="1" failures="0" timestamp="02 Sep 2020 22:05:16 GMT" time="10.133" errors="0">
  <testcase name="MonthDropDownList" time="10.133" classname="test.MonthDropTest"/>
</testsuite> <!-- test.MonthDropTest -->
