<?xml version="1.0" encoding="UTF-8"?>
<!-- Generated by org.testng.reporters.JUnitReportReporter -->
<testsuite skipped="0" hostname="LAPTOP-6DPU4JM3" name="test.NSS_ToDoTest" tests="2" failures="0" timestamp="02 Sep 2020 22:35:31 GMT" time="5.059" errors="0">
  <testcase name="UserShouldBeAbleToGoToSite" time="5.050" classname="test.NSS_ToDoTest"/>
  <testcase name="UserShouldNotBeAbletoAddDuplicateCategory" time="0.009" classname="test.NSS_ToDoTest"/>
</testsuite> <!-- test.NSS_ToDoTest -->
